<?xml version="1.0" encoding="UTF-8"?>
<!-- Generated by org.testng.reporters.JUnitReportReporter -->
<testsuite hostname="INLEN6239007834" failures="0" tests="3" name="testCases.TC_001AccountRegistrationTest" time="18.337" errors="0" timestamp="2025-08-28T12:28:07 IST" skipped="0">
  <testcase classname="testCases.TC_001AccountRegistrationTest" name="verifyAccountRegistration" time="5.374"/>
  <testcase classname="testCases.TC_001AccountRegistrationTest" name="verifyAccountRegistration" time="6.184"/>
  <testcase classname="testCases.TC_001AccountRegistrationTest" name="verifyAccountRegistration" time="6.779"/>
</testsuite> <!-- testCases.TC_001AccountRegistrationTest -->
