<?xml version="1.0" encoding="UTF-8"?>
<!-- Generated by org.testng.reporters.JUnitReportReporter -->
<testsuite hostname="INLEN6239007834" failures="0" tests="1" name="testCases.TC_005_AddToCartTestPage" time="3.742" errors="0" timestamp="2025-05-23T15:20:01 IST" skipped="0">
  <testcase classname="testCases.TC_005_AddToCartTestPage" name="verify_addToCart" time="3.742"/>
</testsuite> <!-- testCases.TC_005_AddToCartTestPage -->
