<?xml version="1.0" encoding="UTF-8"?>
<!-- Generated by org.testng.reporters.JUnitReportReporter -->
<testsuite hostname="INLEN6239007834" failures="0" tests="1" name="testCases.TC_001AccountRegistrationTest" time="6.631" errors="0" timestamp="2025-05-23T14:54:09 IST" skipped="0">
  <testcase classname="testCases.TC_001AccountRegistrationTest" name="verifyAccountRegistration" time="6.631"/>
</testsuite> <!-- testCases.TC_001AccountRegistrationTest -->
