<?xml version="1.0" encoding="UTF-8"?>
<!-- Generated by org.testng.reporters.JUnitReportReporter -->
<testsuite hostname="INLEN6239007834" failures="0" tests="1" name="testCases.TC_004_SearchProductTest" time="2.804" errors="0" timestamp="2025-05-23T14:54:09 IST" skipped="0">
  <testcase classname="testCases.TC_004_SearchProductTest" name="verify_productSearch" time="2.804"/>
</testsuite> <!-- testCases.TC_004_SearchProductTest -->
