<?xml version="1.0" encoding="UTF-8"?>
<!-- Generated by org.testng.reporters.JUnitReportReporter -->
<testsuite hostname="INLEN6239007834" failures="0" tests="1" name="testCases.TC_006_EndToEndTest" time="53.140" errors="0" timestamp="2025-05-24T11:58:44 IST" skipped="0">
  <testcase classname="testCases.TC_006_EndToEndTest" name="endToendTest" time="53.140"/>
</testsuite> <!-- testCases.TC_006_EndToEndTest -->
