<?xml version="1.0" encoding="UTF-8"?>
<!-- Generated by org.testng.reporters.JUnitReportReporter -->
<testsuite hostname="INLEN6239007834" failures="0" tests="1" name="testCases.TC_001AccountRegistrationTest" time="5.041" errors="0" timestamp="2025-05-12T18:22:17 IST" skipped="0">
  <testcase classname="testCases.TC_001AccountRegistrationTest" name="verifyAccountRegistration" time="5.041"/>
</testsuite> <!-- testCases.TC_001AccountRegistrationTest -->
