<?xml version="1.0" encoding="UTF-8"?>
<!-- Generated by org.testng.reporters.JUnitReportReporter -->
<testsuite hostname="INLEN6239007834" failures="0" tests="1" name="testCases.TC_001AccountRegistrationTest" time="6.727" errors="0" timestamp="2025-08-28T15:29:53 IST" skipped="0">
  <testcase classname="testCases.TC_001AccountRegistrationTest" name="verifyAccountRegistration" time="6.727"/>
</testsuite> <!-- testCases.TC_001AccountRegistrationTest -->
